/Users/andrea/Documents/projects/JAME/project/bundles/main/net.sf.jame.core/src/net/sf/jame/core/extension/osgi/OSGiExtension.java:32: error: cannot find symbol
import org.eclipse.core.runtime.CoreException;
                               ^
  symbol:   class CoreException
  location: package org.eclipse.core.runtime
/Users/andrea/Documents/projects/JAME/project/bundles/main/net.sf.jame.core.swing/src/net/sf/jame/core/swing/osgi/BundleTreeModel.java:33: error: package org.osgi.framework does not exist
import org.osgi.framework.Bundle;
                         ^
/Users/andrea/Documents/projects/JAME/project/bundles/main/net.sf.jame.core.swing/src/net/sf/jame/core/swing/osgi/BundleTreeModel.java:34: error: package org.osgi.framework does not exist
import org.osgi.framework.ServiceReference;
                         ^
/Users/andrea/Documents/projects/JAME/project/bundles/main/net.sf.jame.core.swing/src/net/sf/jame/core/swing/osgi/BundleTreeModel.java:67: error: cannot find symbol
	protected DefaultMutableTreeNode createBundleNode(final Bundle bundle) {
	                                                        ^
  symbol:   class Bundle
  location: class BundleTreeModel
/Users/andrea/Documents/projects/JAME/project/bundles/main/net.sf.jame.core.swing/src/net/sf/jame/core/swing/osgi/BundleTreeModel.java:91: error: cannot find symbol
	protected DefaultMutableTreeNode createServicesNode(final ServiceReference[] serviceReferences, final String name) {
	                                                          ^
  symbol:   class ServiceReference
  location: class BundleTreeModel
/Users/andrea/Documents/projects/JAME/project/bundles/main/net.sf.jame.core.swing/src/net/sf/jame/core/swing/osgi/BundleTreeModel.java:107: error: cannot find symbol
	protected DefaultMutableTreeNode createServiceReferenceNode(final ServiceReference serviceReference) {
	                                                                  ^
  symbol:   class ServiceReference
  location: class BundleTreeModel
/Users/andrea/Documents/projects/JAME/project/bundles/main/net.sf.jame.core.swing/src/net/sf/jame/core/swing/osgi/BundleGroupProviderTreeModel.java:32: error: cannot find symbol
import org.eclipse.core.runtime.IBundleGroup;
                               ^
  symbol:   class IBundleGroup
  location: package org.eclipse.core.runtime
/Users/andrea/Documents/projects/JAME/project/bundles/main/net.sf.jame.core.swing/src/net/sf/jame/core/swing/osgi/BundleGroupProviderTreeModel.java:33: error: cannot find symbol
import org.eclipse.core.runtime.IBundleGroupProvider;
                               ^
  symbol:   class IBundleGroupProvider
  location: package org.eclipse.core.runtime
/Users/andrea/Documents/projects/JAME/project/bundles/main/net.sf.jame.core.swing/src/net/sf/jame/core/swing/osgi/BundleGroupProviderTreeModel.java:66: error: cannot find symbol
	protected DefaultMutableTreeNode createBundleGroupProviderNode(final IBundleGroupProvider bundleGroupProvider) {
	                                                                     ^
  symbol:   class IBundleGroupProvider
  location: class BundleGroupProviderTreeModel
/Users/andrea/Documents/projects/JAME/project/bundles/main/net.sf.jame.core.swing/src/net/sf/jame/core/swing/osgi/BundleGroupProviderTreeModel.java:84: error: cannot find symbol
	protected DefaultMutableTreeNode createBundleGroupNode(final IBundleGroup bundleGroup) {
	                                                             ^
  symbol:   class IBundleGroup
  location: class BundleGroupProviderTreeModel
/Users/andrea/Documents/projects/JAME/project/bundles/main/net.sf.jame.core.swing/src/net/sf/jame/core/swing/osgi/BundleGroupProviderTreeCellRenderer.java:33: error: cannot find symbol
import org.eclipse.core.runtime.IBundleGroup;
                               ^
  symbol:   class IBundleGroup
  location: package org.eclipse.core.runtime
/Users/andrea/Documents/projects/JAME/project/bundles/main/net.sf.jame.core.swing/src/net/sf/jame/core/swing/osgi/BundleGroupProviderComparator.java:36: error: cannot find symbol
public class BundleGroupProviderComparator implements Comparator<IBundleGroupProvider> {
                                                                 ^
  symbol: class IBundleGroupProvider
/Users/andrea/Documents/projects/JAME/project/bundles/main/net.sf.jame.core.swing/src/net/sf/jame/core/swing/osgi/BundleGroupProviderComparator.java:40: error: cannot find symbol
	public int compare(final IBundleGroupProvider o1, final IBundleGroupProvider o2) {
	                         ^
  symbol:   class IBundleGroupProvider
  location: class BundleGroupProviderComparator
/Users/andrea/Documents/projects/JAME/project/bundles/main/net.sf.jame.core.swing/src/net/sf/jame/core/swing/osgi/BundleGroupProviderComparator.java:40: error: cannot find symbol
	public int compare(final IBundleGroupProvider o1, final IBundleGroupProvider o2) {
	                                                        ^
  symbol:   class IBundleGroupProvider
  location: class BundleGroupProviderComparator
/Users/andrea/Documents/projects/JAME/project/bundles/main/net.sf.jame.core.swing/src/net/sf/jame/core/swing/osgi/BundleGroupComparator.java:29: error: cannot find symbol
import org.eclipse.core.runtime.IBundleGroup;
                               ^
  symbol:   class IBundleGroup
  location: package org.eclipse.core.runtime
/Users/andrea/Documents/projects/JAME/project/bundles/main/net.sf.jame.core.swing/src/net/sf/jame/core/swing/osgi/BundleGroupComparator.java:36: error: cannot find symbol
public class BundleGroupComparator implements Comparator<IBundleGroup> {
                                                         ^
  symbol: class IBundleGroup
/Users/andrea/Documents/projects/JAME/project/bundles/main/net.sf.jame.core.swing/src/net/sf/jame/core/swing/osgi/BundleGroupComparator.java:40: error: cannot find symbol
	public int compare(final IBundleGroup o1, final IBundleGroup o2) {
	                         ^
  symbol:   class IBundleGroup
  location: class BundleGroupComparator
/Users/andrea/Documents/projects/JAME/project/bundles/main/net.sf.jame.core.swing/src/net/sf/jame/core/swing/osgi/BundleGroupComparator.java:40: error: cannot find symbol
	public int compare(final IBundleGroup o1, final IBundleGroup o2) {
	                                                ^
  symbol:   class IBundleGroup
  location: class BundleGroupComparator
/Users/andrea/Documents/projects/JAME/project/bundles/main/net.sf.jame.core.swing/src/net/sf/jame/core/swing/osgi/BundleComparator.java:36: error: cannot find symbol
public class BundleComparator implements Comparator<Bundle> {
                                                    ^
  symbol: class Bundle
/Users/andrea/Documents/projects/JAME/project/bundles/main/net.sf.jame.core.swing/src/net/sf/jame/core/swing/osgi/BundleComparator.java:40: error: cannot find symbol
	public int compare(final Bundle o1, final Bundle o2) {
	                         ^
  symbol:   class Bundle
  location: class BundleComparator
/Users/andrea/Documents/projects/JAME/project/bundles/main/net.sf.jame.core.swing/src/net/sf/jame/core/swing/osgi/BundleComparator.java:40: error: cannot find symbol
	public int compare(final Bundle o1, final Bundle o2) {
	                                          ^
  symbol:   class Bundle
  location: class BundleComparator
/Users/andrea/Documents/projects/JAME/project/bundles/main/net.sf.jame.core.swing/src/net/sf/jame/core/swing/osgi/Activator.java:28: error: package org.osgi.framework does not exist
import org.osgi.framework.BundleActivator;
                         ^
/Users/andrea/Documents/projects/JAME/project/bundles/main/net.sf.jame.core.swing/src/net/sf/jame/core/swing/osgi/Activator.java:29: error: package org.osgi.framework does not exist
import org.osgi.framework.BundleContext;
                         ^
/Users/andrea/Documents/projects/JAME/project/bundles/main/net.sf.jame.core.swing/src/net/sf/jame/core/swing/osgi/Activator.java:36: error: cannot find symbol
public class Activator implements BundleActivator {
                                  ^
  symbol: class BundleActivator
/Users/andrea/Documents/projects/JAME/project/bundles/main/net.sf.jame.core.swing/src/net/sf/jame/core/swing/osgi/Activator.java:37: error: cannot find symbol
	private static Bundle[] bundles;
	               ^
  symbol:   class Bundle
  location: class Activator
/Users/andrea/Documents/projects/JAME/project/bundles/main/net.sf.jame.core.swing/src/net/sf/jame/core/swing/osgi/Activator.java:42: error: cannot find symbol
	public void start(final BundleContext context) throws Exception {
	                        ^
  symbol:   class BundleContext
  location: class Activator
/Users/andrea/Documents/projects/JAME/project/bundles/main/net.sf.jame.core.swing/src/net/sf/jame/core/swing/osgi/Activator.java:49: error: cannot find symbol
	public void stop(final BundleContext context) throws Exception {
	                       ^
  symbol:   class BundleContext
  location: class Activator
/Users/andrea/Documents/projects/JAME/project/bundles/main/net.sf.jame.core.swing/src/net/sf/jame/core/swing/osgi/Activator.java:58: error: cannot find symbol
	public static Bundle[] getBundles() {
	              ^
  symbol:   class Bundle
  location: class Activator
/Users/andrea/Documents/projects/JAME/project/bundles/main/net.sf.jame.runtime/src/net/sf/jame/runtime/Activator.java:32: error: package org.osgi.framework does not exist
import org.osgi.framework.BundleActivator;
                         ^
/Users/andrea/Documents/projects/JAME/project/bundles/main/net.sf.jame.runtime/src/net/sf/jame/runtime/Activator.java:33: error: package org.osgi.framework does not exist
import org.osgi.framework.BundleContext;
                         ^
/Users/andrea/Documents/projects/JAME/project/bundles/main/net.sf.jame.runtime/src/net/sf/jame/runtime/Activator.java:40: error: cannot find symbol
public class Activator implements BundleActivator {
                                  ^
  symbol: class BundleActivator
/Users/andrea/Documents/projects/JAME/project/bundles/main/net.sf.jame.runtime/src/net/sf/jame/runtime/Activator.java:44: error: cannot find symbol
	public void start(final BundleContext context) throws Exception {
	                        ^
  symbol:   class BundleContext
  location: class Activator
/Users/andrea/Documents/projects/JAME/project/bundles/main/net.sf.jame.runtime/src/net/sf/jame/runtime/Activator.java:52: error: cannot find symbol
	public void stop(final BundleContext context) throws Exception {
	                       ^
  symbol:   class BundleContext
  location: class Activator
/Users/andrea/Documents/projects/JAME/project/bundles/main/net.sf.jame.runtime.swing/src/net/sf/jame/runtime/swing/JAME.java:39: error: package org.eclipse.equinox.app does not exist
import org.eclipse.equinox.app.IApplication;
                              ^
/Users/andrea/Documents/projects/JAME/project/bundles/main/net.sf.jame.runtime.swing/src/net/sf/jame/runtime/swing/JAME.java:40: error: package org.eclipse.equinox.app does not exist
import org.eclipse.equinox.app.IApplicationContext;
                              ^
/Users/andrea/Documents/projects/JAME/project/bundles/main/net.sf.jame.runtime.swing/src/net/sf/jame/runtime/swing/JAME.java:47: error: cannot find symbol
public class JAME implements IApplication {
                             ^
  symbol: class IApplication
/Users/andrea/Documents/projects/JAME/project/bundles/main/net.sf.jame.runtime.swing/src/net/sf/jame/runtime/swing/JAME.java:55: error: cannot find symbol
	public Object start(final IApplicationContext context) throws Exception {
	                          ^
  symbol:   class IApplicationContext
  location: class JAME
/Users/andrea/Documents/projects/JAME/project/bundles/main/net.sf.jame.service/src/net/sf/jame/service/Activator.java:31: error: package org.osgi.framework does not exist
import org.osgi.framework.BundleActivator;
                         ^
/Users/andrea/Documents/projects/JAME/project/bundles/main/net.sf.jame.service/src/net/sf/jame/service/Activator.java:32: error: package org.osgi.framework does not exist
import org.osgi.framework.BundleContext;
                         ^
/Users/andrea/Documents/projects/JAME/project/bundles/main/net.sf.jame.service/src/net/sf/jame/service/Activator.java:38: error: cannot find symbol
public class Activator implements BundleActivator {
                                  ^
  symbol: class BundleActivator
/Users/andrea/Documents/projects/JAME/project/bundles/main/net.sf.jame.service/src/net/sf/jame/service/Activator.java:43: error: cannot find symbol
	public void start(BundleContext context) throws Exception {
	                  ^
  symbol:   class BundleContext
  location: class Activator
/Users/andrea/Documents/projects/JAME/project/bundles/main/net.sf.jame.service/src/net/sf/jame/service/Activator.java:56: error: cannot find symbol
	public void stop(BundleContext context) throws Exception {
	                 ^
  symbol:   class BundleContext
  location: class Activator
/Users/andrea/Documents/projects/JAME/project/bundles/main/net.sf.jame.service.jxta/src/net/sf/jame/service/jxta/SpoolApplication.java:36: error: package org.eclipse.equinox.app does not exist
import org.eclipse.equinox.app.IApplication;
                              ^
/Users/andrea/Documents/projects/JAME/project/bundles/main/net.sf.jame.service.jxta/src/net/sf/jame/service/jxta/SpoolApplication.java:37: error: package org.eclipse.equinox.app does not exist
import org.eclipse.equinox.app.IApplicationContext;
                              ^
/Users/andrea/Documents/projects/JAME/project/bundles/main/net.sf.jame.service.jxta/src/net/sf/jame/service/jxta/SpoolApplication.java:44: error: cannot find symbol
public class SpoolApplication implements IApplication {
                                         ^
  symbol: class IApplication
/Users/andrea/Documents/projects/JAME/project/bundles/main/net.sf.jame.service.jxta/src/net/sf/jame/service/jxta/SpoolApplication.java:51: error: cannot find symbol
	public Object start(final IApplicationContext context) throws Exception {
	                          ^
  symbol:   class IApplicationContext
  location: class SpoolApplication
/Users/andrea/Documents/projects/JAME/project/bundles/main/net.sf.jame.service.jxta/src/net/sf/jame/service/jxta/RendezvousApplication.java:36: error: package org.eclipse.equinox.app does not exist
import org.eclipse.equinox.app.IApplication;
                              ^
/Users/andrea/Documents/projects/JAME/project/bundles/main/net.sf.jame.service.jxta/src/net/sf/jame/service/jxta/RendezvousApplication.java:37: error: package org.eclipse.equinox.app does not exist
import org.eclipse.equinox.app.IApplicationContext;
                              ^
/Users/andrea/Documents/projects/JAME/project/bundles/main/net.sf.jame.service.jxta/src/net/sf/jame/service/jxta/RendezvousApplication.java:44: error: cannot find symbol
public class RendezvousApplication implements IApplication {
                                              ^
  symbol: class IApplication
/Users/andrea/Documents/projects/JAME/project/bundles/main/net.sf.jame.service.jxta/src/net/sf/jame/service/jxta/RendezvousApplication.java:51: error: cannot find symbol
	public Object start(final IApplicationContext context) throws Exception {
	                          ^
  symbol:   class IApplicationContext
  location: class RendezvousApplication
/Users/andrea/Documents/projects/JAME/project/bundles/main/net.sf.jame.service.jxta/src/net/sf/jame/service/jxta/RelayApplication.java:36: error: package org.eclipse.equinox.app does not exist
import org.eclipse.equinox.app.IApplication;
                              ^
/Users/andrea/Documents/projects/JAME/project/bundles/main/net.sf.jame.service.jxta/src/net/sf/jame/service/jxta/RelayApplication.java:37: error: package org.eclipse.equinox.app does not exist
import org.eclipse.equinox.app.IApplicationContext;
                              ^
/Users/andrea/Documents/projects/JAME/project/bundles/main/net.sf.jame.service.jxta/src/net/sf/jame/service/jxta/RelayApplication.java:44: error: cannot find symbol
public class RelayApplication implements IApplication {
                                         ^
  symbol: class IApplication
/Users/andrea/Documents/projects/JAME/project/bundles/main/net.sf.jame.service.jxta/src/net/sf/jame/service/jxta/RelayApplication.java:51: error: cannot find symbol
	public Object start(final IApplicationContext context) throws Exception {
	                          ^
  symbol:   class IApplicationContext
  location: class RelayApplication
/Users/andrea/Documents/projects/JAME/project/bundles/main/net.sf.jame.service.jxta/src/net/sf/jame/service/jxta/ProxyApplication.java:36: error: package org.eclipse.equinox.app does not exist
import org.eclipse.equinox.app.IApplication;
                              ^
/Users/andrea/Documents/projects/JAME/project/bundles/main/net.sf.jame.service.jxta/src/net/sf/jame/service/jxta/ProxyApplication.java:37: error: package org.eclipse.equinox.app does not exist
import org.eclipse.equinox.app.IApplicationContext;
                              ^
/Users/andrea/Documents/projects/JAME/project/bundles/main/net.sf.jame.service.jxta/src/net/sf/jame/service/jxta/ProxyApplication.java:44: error: cannot find symbol
public class ProxyApplication implements IApplication {
                                         ^
  symbol: class IApplication
/Users/andrea/Documents/projects/JAME/project/bundles/main/net.sf.jame.service.jxta/src/net/sf/jame/service/jxta/ProxyApplication.java:51: error: cannot find symbol
	public Object start(final IApplicationContext context) throws Exception {
	                          ^
  symbol:   class IApplicationContext
  location: class ProxyApplication
/Users/andrea/Documents/projects/JAME/project/bundles/main/net.sf.jame.core/src/net/sf/jame/core/config/RuntimeElement.java:52: warning: no description for @return
	 * @return
	   ^
/Users/andrea/Documents/projects/JAME/project/bundles/main/net.sf.jame.core/src/net/sf/jame/core/config/AbstractConfigElement.java:52: warning: no description for @throws
	 * @throws Throwable
	   ^
/Users/andrea/Documents/projects/JAME/project/bundles/main/net.sf.jame.core/src/net/sf/jame/core/config/ConfigElement.java:64: warning: no description for @return
	 * @return
	   ^
/Users/andrea/Documents/projects/JAME/project/bundles/main/net.sf.jame.core/src/net/sf/jame/core/config/ConfigElement.java:74: warning: no description for @return
	 * @return
	   ^
/Users/andrea/Documents/projects/JAME/project/bundles/main/net.sf.jame.core/src/net/sf/jame/core/config/ConfigElement.java:79: error: @param name not found
	 * @param data
	          ^
/Users/andrea/Documents/projects/JAME/project/bundles/main/net.sf.jame.core/src/net/sf/jame/core/config/ConfigElement.java:79: warning: no description for @param
	 * @param data
	   ^
/Users/andrea/Documents/projects/JAME/project/bundles/main/net.sf.jame.core/src/net/sf/jame/core/config/ConfigElement.java:81: warning: no @param for userData
	public void setUserData(Object userData);
	            ^
/Users/andrea/Documents/projects/JAME/project/bundles/main/net.sf.jame.core/src/net/sf/jame/core/config/ConfigElement.java:84: warning: no description for @param
	 * @param source
	   ^
/Users/andrea/Documents/projects/JAME/project/bundles/main/net.sf.jame.core/src/net/sf/jame/core/common/BooleanElement.java:38: warning: no description for @param
	 * @param defaultValue
	   ^
/Users/andrea/Documents/projects/JAME/project/bundles/main/net.sf.jame.core/src/net/sf/jame/core/tree/Node.java:67: warning: no description for @return
	 * @return
	   ^
/Users/andrea/Documents/projects/JAME/project/bundles/main/net.sf.jame.core/src/net/sf/jame/core/tree/Node.java:182: warning: no @param for path
	protected void fireNodeAdded(final NodePath path) {
	               ^
/Users/andrea/Documents/projects/JAME/project/bundles/main/net.sf.jame.core/src/net/sf/jame/core/tree/Node.java:192: warning: no @param for path
	protected void fireNodeRemoved(final NodePath path) {
	               ^
/Users/andrea/Documents/projects/JAME/project/bundles/main/net.sf.jame.core/src/net/sf/jame/core/tree/Node.java:202: warning: no @param for path
	protected void fireNodeAccepted(final NodePath path) {
	               ^
/Users/andrea/Documents/projects/JAME/project/bundles/main/net.sf.jame.core/src/net/sf/jame/core/tree/Node.java:209: warning: no @param for path
	protected void fireNodeCancelled(final NodePath path) {
	               ^
/Users/andrea/Documents/projects/JAME/project/bundles/main/net.sf.jame.core/src/net/sf/jame/core/tree/Node.java:235: warning: no description for @param
	 * @param session
	   ^
/Users/andrea/Documents/projects/JAME/project/bundles/main/net.sf.jame.core/src/net/sf/jame/core/tree/Node.java:253: warning: no description for @return
	 * @return
	   ^
/Users/andrea/Documents/projects/JAME/project/bundles/main/net.sf.jame.core/src/net/sf/jame/core/tree/Node.java:267: warning: no description for @param
	 * @param context
	   ^
/Users/andrea/Documents/projects/JAME/project/bundles/main/net.sf.jame.core/src/net/sf/jame/core/tree/Node.java:277: warning: no description for @return
	 * @return
	   ^
/Users/andrea/Documents/projects/JAME/project/bundles/main/net.sf.jame.core/src/net/sf/jame/core/tree/Node.java:296: warning: no description for @param
	 * @param node
	   ^
/Users/andrea/Documents/projects/JAME/project/bundles/main/net.sf.jame.core/src/net/sf/jame/core/tree/Node.java:297: warning: no description for @return
	 * @return
	   ^
/Users/andrea/Documents/projects/JAME/project/bundles/main/net.sf.jame.core/src/net/sf/jame/core/tree/Node.java:358: warning: no description for @param
	 * @param value
	   ^
/Users/andrea/Documents/projects/JAME/project/bundles/main/net.sf.jame.core/src/net/sf/jame/core/tree/Node.java:359: warning: no description for @param
	 * @param prevValue
	   ^
/Users/andrea/Documents/projects/JAME/project/bundles/main/net.sf.jame.core/src/net/sf/jame/core/tree/Node.java:360: warning: no description for @return
	 * @return
	   ^
/Users/andrea/Documents/projects/JAME/project/bundles/main/net.sf.jame.core/src/net/sf/jame/core/tree/Node.java:418: error: @param name not found
	 * @param the nodeClass.
	          ^
/Users/andrea/Documents/projects/JAME/project/bundles/main/net.sf.jame.core/src/net/sf/jame/core/tree/Node.java:420: warning: no @param for nodeClass
	protected void setNodeClass(final String nodeClass) {
	               ^
/Users/andrea/Documents/projects/JAME/project/bundles/main/net.sf.jame.core/src/net/sf/jame/core/tree/Node.java:436: error: @param name not found
	 * @param the nodeClass.
	          ^
/Users/andrea/Documents/projects/JAME/project/bundles/main/net.sf.jame.core/src/net/sf/jame/core/tree/Node.java:438: warning: no @param for nodeLabel
	protected void setNodeLabel(final String nodeLabel) {
	               ^
/Users/andrea/Documents/projects/JAME/project/bundles/main/net.sf.jame.core/src/net/sf/jame/core/tree/Node.java:454: error: @param name not found
	 * @param session
	          ^
/Users/andrea/Documents/projects/JAME/project/bundles/main/net.sf.jame.core/src/net/sf/jame/core/tree/Node.java:454: warning: no description for @param
	 * @param session
	   ^
/Users/andrea/Documents/projects/JAME/project/bundles/main/net.sf.jame.core/src/net/sf/jame/core/tree/Node.java:599: error: @param name not found
	 * @param index the child to remove.
	          ^
/Users/andrea/Documents/projects/JAME/project/bundles/main/net.sf.jame.core/src/net/sf/jame/core/tree/Node.java:601: warning: no @param for nodeIndex
	public void removeChildNode(final int nodeIndex) {
	            ^
/Users/andrea/Documents/projects/JAME/project/bundles/main/net.sf.jame.core/src/net/sf/jame/core/tree/Node.java:622: warning: no description for @param
	 * @param index
	   ^
/Users/andrea/Documents/projects/JAME/project/bundles/main/net.sf.jame.core/src/net/sf/jame/core/tree/Node.java:623: warning: no description for @param
	 * @param node
	   ^
/Users/andrea/Documents/projects/JAME/project/bundles/main/net.sf.jame.core/src/net/sf/jame/core/tree/Node.java:645: warning: no description for @param
	 * @param index
	   ^
/Users/andrea/Documents/projects/JAME/project/bundles/main/net.sf.jame.core/src/net/sf/jame/core/tree/Node.java:646: warning: no description for @param
	 * @param node
	   ^
/Users/andrea/Documents/projects/JAME/project/bundles/main/net.sf.jame.core/src/net/sf/jame/core/tree/Node.java:673: warning: no description for @param
	 * @param index
	   ^
/Users/andrea/Documents/projects/JAME/project/bundles/main/net.sf.jame.core/src/net/sf/jame/core/tree/Node.java:674: warning: no description for @param
	 * @param node
	   ^
/Users/andrea/Documents/projects/JAME/project/bundles/main/net.sf.jame.core/src/net/sf/jame/core/tree/Node.java:689: warning: no description for @param
	 * @param index
	   ^
/Users/andrea/Documents/projects/JAME/project/bundles/main/net.sf.jame.core/src/net/sf/jame/core/tree/Node.java:700: warning: no description for @param
	 * @param index
	   ^
/Users/andrea/Documents/projects/JAME/project/bundles/main/net.sf.jame.core/src/net/sf/jame/core/tree/Node.java:711: warning: no description for @param
	 * @param index
	   ^
/Users/andrea/Documents/projects/JAME/project/bundles/main/net.sf.jame.core/src/net/sf/jame/core/tree/Node.java:713: warning: no @param for node
	public void setChildNode(final int index, final Node node) {
	            ^
/Users/andrea/Documents/projects/JAME/project/bundles/main/net.sf.jame.core/src/net/sf/jame/core/tree/Node.java:743: warning: no description for @param
	 * @param builder
	   ^
/Users/andrea/Documents/projects/JAME/project/bundles/main/net.sf.jame.core/src/net/sf/jame/core/tree/Node.java:766: warning: no description for @param
	 * @param builder
	   ^
/Users/andrea/Documents/projects/JAME/project/bundles/main/net.sf.jame.core/src/net/sf/jame/core/tree/Node.java:781: warning: no description for @param
	 * @param node
	   ^
/Users/andrea/Documents/projects/JAME/project/bundles/main/net.sf.jame.core/src/net/sf/jame/core/tree/Node.java:808: warning: no description for @return
	 * @return
	   ^
/Users/andrea/Documents/projects/JAME/project/bundles/main/net.sf.jame.core/src/net/sf/jame/core/tree/Node.java:847: warning: no description for @param
	 * @param path
	   ^
/Users/andrea/Documents/projects/JAME/project/bundles/main/net.sf.jame.core/src/net/sf/jame/core/tree/Node.java:848: warning: no description for @return
	 * @return
	   ^
/Users/andrea/Documents/projects/JAME/project/bundles/main/net.sf.jame.core/src/net/sf/jame/core/xml/XMLImporter.java:144: error: @param name not found
	 * @param element
	          ^
/Users/andrea/Documents/projects/JAME/project/bundles/main/net.sf.jame.core/src/net/sf/jame/core/config/ListConfigElement.java:191: error: @param name not found
	 * @param element the to add.
	          ^
/Users/andrea/Documents/projects/JAME/project/bundles/main/net.sf.jame.core/src/net/sf/jame/core/config/ListConfigElement.java:211: error: @param name not found
	 * @param element the to add.
	          ^
/Users/andrea/Documents/projects/JAME/project/bundles/main/net.sf.jame.core/src/net/sf/jame/core/config/ListRuntimeElement.java:147: error: @param name not found
	 * @param element the to add.
	          ^
/Users/andrea/Documents/projects/JAME/project/bundles/main/net.sf.jame.core/src/net/sf/jame/core/config/ListRuntimeElement.java:164: error: @param name not found
	 * @param element the to add.
	          ^
/Users/andrea/Documents/projects/JAME/project/bundles/main/net.sf.jame.core/src/net/sf/jame/core/extension/NullConfigurableExtension.java:31: error: @param name not found
 * @param <T> the extension runtime type.
           ^
/Users/andrea/Documents/projects/JAME/project/bundles/main/net.sf.jame.core/src/net/sf/jame/core/extension/NullExtension.java:31: error: @param name not found
 * @param <T> the extension runtime type.
           ^
/Users/andrea/Documents/projects/JAME/project/bundles/main/net.sf.jame.core/src/net/sf/jame/core/extension/ReferenceElement.java:29: error: @param name not found
 * @param <T>
           ^
/Users/andrea/Documents/projects/JAME/project/bundles/main/net.sf.jame.core/src/net/sf/jame/core/extension/sl/SLConfigurableExtension.java:50: error: @param name not found
	 * @param cfgElement the configuration element.
	          ^
/Users/andrea/Documents/projects/JAME/project/bundles/main/net.sf.jame.core/src/net/sf/jame/core/extension/sl/SLExtensionRegistry.java:47: error: @param name not found
	 * @param descriptorClass the extension descriptor class.
	          ^
/Users/andrea/Documents/projects/JAME/project/bundles/main/net.sf.jame.core/src/net/sf/jame/core/extensions/action/BooleanNodeActionXMLExporterRuntime.java:41: error: reference not found
	 * @see net.sf.jame.twister.util.AbstractActionXMLExporterRuntime#exportParams(net.sf.jame.core.tree.NodeActionValue, org.w3c.dom.Element, net.sf.jame.core.xml.XMLNodeBuilder)
	        ^
/Users/andrea/Documents/projects/JAME/project/bundles/main/net.sf.jame.core/src/net/sf/jame/core/extensions/action/BooleanNodeActionXMLImporterRuntime.java:44: error: reference not found
	 * @see net.sf.jame.twister.util.AbstractActionXMLImporterRuntime#importParams(net.sf.jame.core.tree.NodeActionValue, org.w3c.dom.Element)
	        ^
/Users/andrea/Documents/projects/JAME/project/bundles/main/net.sf.jame.core/src/net/sf/jame/core/extensions/action/ColorNodeActionXMLExporterRuntime.java:42: error: reference not found
	 * @see net.sf.jame.twister.util.AbstractActionXMLExporterRuntime#exportParams(net.sf.jame.core.tree.NodeActionValue, org.w3c.dom.Element, net.sf.jame.core.xml.XMLNodeBuilder)
	        ^
/Users/andrea/Documents/projects/JAME/project/bundles/main/net.sf.jame.core/src/net/sf/jame/core/extensions/action/ColorNodeActionXMLImporterRuntime.java:44: error: reference not found
	 * @see net.sf.jame.twister.util.AbstractActionXMLImporterRuntime#importParams(net.sf.jame.core.tree.NodeActionValue, org.w3c.dom.Element)
	        ^
/Users/andrea/Documents/projects/JAME/project/bundles/main/net.sf.jame.core/src/net/sf/jame/core/extensions/action/ComplexNodeActionXMLExporterRuntime.java:42: error: reference not found
	 * @see net.sf.jame.twister.util.AbstractActionXMLExporterRuntime#exportParams(net.sf.jame.core.tree.NodeActionValue, org.w3c.dom.Element, net.sf.jame.core.xml.XMLNodeBuilder)
	        ^
/Users/andrea/Documents/projects/JAME/project/bundles/main/net.sf.jame.core/src/net/sf/jame/core/extensions/action/ComplexNodeActionXMLImporterRuntime.java:44: error: reference not found
	 * @see net.sf.jame.twister.util.AbstractActionXMLImporterRuntime#importParams(net.sf.jame.core.tree.NodeActionValue, org.w3c.dom.Element)
	        ^
/Users/andrea/Documents/projects/JAME/project/bundles/main/net.sf.jame.core/src/net/sf/jame/core/extensions/action/DoubleNodeActionXMLExporterRuntime.java:41: error: reference not found
	 * @see net.sf.jame.twister.util.AbstractActionXMLExporterRuntime#exportParams(net.sf.jame.core.tree.NodeActionValue, org.w3c.dom.Element, net.sf.jame.core.xml.XMLNodeBuilder)
	        ^
/Users/andrea/Documents/projects/JAME/project/bundles/main/net.sf.jame.core/src/net/sf/jame/core/extensions/action/DoubleNodeActionXMLImporterRuntime.java:44: error: reference not found
	 * @see net.sf.jame.twister.util.AbstractActionXMLImporterRuntime#importParams(net.sf.jame.core.tree.NodeActionValue, org.w3c.dom.Element)
	        ^
/Users/andrea/Documents/projects/JAME/project/bundles/main/net.sf.jame.core/src/net/sf/jame/core/extensions/action/FloatNodeActionXMLExporterRuntime.java:41: error: reference not found
	 * @see net.sf.jame.twister.util.AbstractActionXMLExporterRuntime#exportParams(net.sf.jame.core.tree.NodeActionValue, org.w3c.dom.Element, net.sf.jame.core.xml.XMLNodeBuilder)
	        ^
/Users/andrea/Documents/projects/JAME/project/bundles/main/net.sf.jame.core/src/net/sf/jame/core/extensions/action/FloatNodeActionXMLImporterRuntime.java:44: error: reference not found
	 * @see net.sf.jame.twister.util.AbstractActionXMLImporterRuntime#importParams(net.sf.jame.core.tree.NodeActionValue, org.w3c.dom.Element)
	        ^
/Users/andrea/Documents/projects/JAME/project/bundles/main/net.sf.jame.core/src/net/sf/jame/core/extensions/action/FontNodeActionXMLExporterRuntime.java:43: error: reference not found
	 * @see net.sf.jame.twister.util.AbstractActionXMLExporterRuntime#exportParams(net.sf.jame.core.tree.NodeActionValue, org.w3c.dom.Element, net.sf.jame.core.xml.XMLNodeBuilder)
	        ^
/Users/andrea/Documents/projects/JAME/project/bundles/main/net.sf.jame.core/src/net/sf/jame/core/extensions/action/FontNodeActionXMLImporterRuntime.java:44: error: reference not found
	 * @see net.sf.jame.twister.util.AbstractActionXMLImporterRuntime#importParams(net.sf.jame.core.tree.NodeActionValue, org.w3c.dom.Element)
	        ^
/Users/andrea/Documents/projects/JAME/project/bundles/main/net.sf.jame.core/src/net/sf/jame/core/extensions/action/IntegerNodeActionXMLExporterRuntime.java:41: error: reference not found
	 * @see net.sf.jame.twister.util.AbstractActionXMLExporterRuntime#exportParams(net.sf.jame.core.tree.NodeActionValue, org.w3c.dom.Element, net.sf.jame.core.xml.XMLNodeBuilder)
	        ^
/Users/andrea/Documents/projects/JAME/project/bundles/main/net.sf.jame.core/src/net/sf/jame/core/extensions/action/IntegerNodeActionXMLImporterRuntime.java:44: error: reference not found
	 * @see net.sf.jame.twister.util.AbstractActionXMLImporterRuntime#importParams(net.sf.jame.core.tree.NodeActionValue, org.w3c.dom.Element)
	        ^
/Users/andrea/Documents/projects/JAME/project/bundles/main/net.sf.jame.core/src/net/sf/jame/core/extensions/action/LongNodeActionXMLExporterRuntime.java:41: error: reference not found
	 * @see net.sf.jame.twister.util.AbstractActionXMLExporterRuntime#exportParams(net.sf.jame.core.tree.NodeActionValue, org.w3c.dom.Element, net.sf.jame.core.xml.XMLNodeBuilder)
	        ^
/Users/andrea/Documents/projects/JAME/project/bundles/main/net.sf.jame.core/src/net/sf/jame/core/extensions/action/LongNodeActionXMLImporterRuntime.java:44: error: reference not found
	 * @see net.sf.jame.twister.util.AbstractActionXMLImporterRuntime#importParams(net.sf.jame.core.tree.NodeActionValue, org.w3c.dom.Element)
	        ^
/Users/andrea/Documents/projects/JAME/project/bundles/main/net.sf.jame.core/src/net/sf/jame/core/extensions/action/RectangleNodeActionXMLExporterRuntime.java:42: error: reference not found
	 * @see net.sf.jame.twister.util.AbstractActionXMLExporterRuntime#exportParams(net.sf.jame.core.tree.NodeActionValue, org.w3c.dom.Element, net.sf.jame.core.xml.XMLNodeBuilder)
	        ^
/Users/andrea/Documents/projects/JAME/project/bundles/main/net.sf.jame.core/src/net/sf/jame/core/extensions/action/RectangleNodeActionXMLImporterRuntime.java:44: error: reference not found
	 * @see net.sf.jame.twister.util.AbstractActionXMLImporterRuntime#importParams(net.sf.jame.core.tree.NodeActionValue, org.w3c.dom.Element)
	        ^
/Users/andrea/Documents/projects/JAME/project/bundles/main/net.sf.jame.core/src/net/sf/jame/core/extensions/action/ShortNodeActionXMLExporterRuntime.java:41: error: reference not found
	 * @see net.sf.jame.twister.util.AbstractActionXMLExporterRuntime#exportParams(net.sf.jame.core.tree.NodeActionValue, org.w3c.dom.Element, net.sf.jame.core.xml.XMLNodeBuilder)
	        ^
/Users/andrea/Documents/projects/JAME/project/bundles/main/net.sf.jame.core/src/net/sf/jame/core/extensions/action/ShortNodeActionXMLImporterRuntime.java:44: error: reference not found
	 * @see net.sf.jame.twister.util.AbstractActionXMLImporterRuntime#importParams(net.sf.jame.core.tree.NodeActionValue, org.w3c.dom.Element)
	        ^
/Users/andrea/Documents/projects/JAME/project/bundles/main/net.sf.jame.core/src/net/sf/jame/core/extensions/action/StringNodeActionXMLExporterRuntime.java:41: error: reference not found
	 * @see net.sf.jame.twister.util.AbstractActionXMLExporterRuntime#exportParams(net.sf.jame.core.tree.NodeActionValue, org.w3c.dom.Element, net.sf.jame.core.xml.XMLNodeBuilder)
	        ^
/Users/andrea/Documents/projects/JAME/project/bundles/main/net.sf.jame.core/src/net/sf/jame/core/extensions/action/StringNodeActionXMLImporterRuntime.java:44: error: reference not found
	 * @see net.sf.jame.twister.util.AbstractActionXMLImporterRuntime#importParams(net.sf.jame.core.tree.NodeActionValue, org.w3c.dom.Element)
	        ^
/Users/andrea/Documents/projects/JAME/project/bundles/main/net.sf.jame.core/src/net/sf/jame/core/objectmap/StringObjectKey.java:35: error: @param name not found
	 * @param field
	          ^
/Users/andrea/Documents/projects/JAME/project/bundles/main/net.sf.jame.core/src/net/sf/jame/core/scripting/DefaultJSNode.java:181: error: reference not found
	 * @see net.sf.jame.core.scripting.JSNode#appendChildNode(net.sf.jame.core.tree.NodeValue)
	        ^
/Users/andrea/Documents/projects/JAME/project/bundles/main/net.sf.jame.core/src/net/sf/jame/core/scripting/DefaultJSNode.java:191: error: reference not found
	 * @see net.sf.jame.core.scripting.JSNode#insertChildNodeAfter(int, net.sf.jame.core.tree.NodeValue)
	        ^
/Users/andrea/Documents/projects/JAME/project/bundles/main/net.sf.jame.core/src/net/sf/jame/core/scripting/DefaultJSNode.java:201: error: reference not found
	 * @see net.sf.jame.core.scripting.JSNode#insertChildNodeAt(java.lang.Integer, net.sf.jame.core.tree.NodeValue)
	        ^
/Users/andrea/Documents/projects/JAME/project/bundles/main/net.sf.jame.core/src/net/sf/jame/core/scripting/DefaultJSNode.java:211: error: reference not found
	 * @see net.sf.jame.core.scripting.JSNode#insertChildNodeBefore(int, net.sf.jame.core.tree.NodeValue)
	        ^
/Users/andrea/Documents/projects/JAME/project/bundles/main/net.sf.jame.core/src/net/sf/jame/core/scripting/DefaultJSNode.java:261: error: reference not found
	 * @see net.sf.jame.core.scripting.JSNode#setValue(net.sf.jame.core.tree.NodeValue)
	        ^
/Users/andrea/Documents/projects/JAME/project/bundles/main/net.sf.jame.core/src/net/sf/jame/core/scripting/DefaultJSTree.java:40: error: @param name not found
	 * @param jsContext
	          ^
/Users/andrea/Documents/projects/JAME/project/bundles/main/net.sf.jame.core/src/net/sf/jame/core/tree/NumberNodeEditor.java:61: error: reference not found
	 * @see net.sf.jame.core.tree.NodeEditor#createChildNode(java.lang.Object)
	        ^
/Users/andrea/Documents/projects/JAME/project/bundles/main/net.sf.jame.core/src/net/sf/jame/core/util/Colors.java:38: error: @param name not found
	 * @param rgb the color in rgb format.
	          ^
/Users/andrea/Documents/projects/JAME/project/bundles/main/net.sf.jame.core/src/net/sf/jame/core/util/ProgressListener.java:33: error: @param name not found
	 * @param precentage
	          ^
/Users/andrea/Documents/projects/JAME/project/bundles/main/net.sf.jame.core/src/net/sf/jame/core/util/ProgressListener.java:39: error: @param name not found
	 * @param precentage
	          ^
/Users/andrea/Documents/projects/JAME/project/bundles/main/net.sf.jame.core/src/net/sf/jame/core/util/ProgressListener.java:49: error: @param name not found
	 * @param e
	          ^
/Users/andrea/Documents/projects/JAME/project/bundles/main/net.sf.jame.core/src/net/sf/jame/core/util/SurfacePool.java:44: error: @param name not found
	 * @param imagePool
	          ^
/Users/andrea/Documents/projects/JAME/project/bundles/main/net.sf.jame.core/src/net/sf/jame/core/xml/XML.java:341: error: @param name not found
	 * @param string
	          ^
/Users/andrea/Documents/projects/JAME/project/bundles/main/net.sf.jame.core.swing/src/net/sf/jame/core/swing/NavigatorFrame.java:79: error: @param name not found
	 * @param config
	          ^
/Users/andrea/Documents/projects/JAME/project/bundles/main/net.sf.jame.core.swing/src/net/sf/jame/core/swing/NavigatorFrame.java:392: error: @param name not found
		 * @param session
		          ^
/Users/andrea/Documents/projects/JAME/project/bundles/main/net.sf.jame.core.swing/src/net/sf/jame/core/swing/NavigatorTree.java:73: error: @param name not found
	 * @param RootNode the root node.
	          ^
/Users/andrea/Documents/projects/JAME/project/bundles/main/net.sf.jame.core.swing/src/net/sf/jame/core/swing/editor/ConfigurableReferenceEditorRuntime.java:75: error: reference not found
	 * @see net.sf.jame.twister.swing.editor.extension.EditorExtensionRuntime#createEditor(net.sf.jame.core.tree.NodeEditor)
	        ^
/Users/andrea/Documents/projects/JAME/project/bundles/main/net.sf.jame.core.swing/src/net/sf/jame/core/swing/editor/ConfigurableReferenceElementEditorRuntime.java:56: error: reference not found
	 * @see net.sf.jame.twister.swing.editor.extension.EditorExtensionRuntime#createEditor(net.sf.jame.core.tree.NodeEditor)
	        ^
/Users/andrea/Documents/projects/JAME/project/bundles/main/net.sf.jame.core.swing/src/net/sf/jame/core/swing/editor/ConfigurableReferenceElementListEditorRuntime.java:56: error: reference not found
	 * @see net.sf.jame.twister.swing.editor.extension.EditorExtensionRuntime#createEditor(net.sf.jame.core.tree.NodeEditor)
	        ^
/Users/andrea/Documents/projects/JAME/project/bundles/main/net.sf.jame.core.swing/src/net/sf/jame/core/swing/editor/NumberEditorRuntime.java:51: error: reference not found
	 * @see net.sf.jame.twister.swing.editor.extension.EditorExtensionRuntime#createEditor(net.sf.jame.core.tree.NodeEditor)
	        ^
/Users/andrea/Documents/projects/JAME/project/bundles/main/net.sf.jame.core.swing/src/net/sf/jame/core/swing/editor/ReferenceEditorRuntime.java:58: error: reference not found
	 * @see net.sf.jame.twister.swing.editor.extension.EditorExtensionRuntime#createEditor(net.sf.jame.core.tree.NodeEditor)
	        ^
/Users/andrea/Documents/projects/JAME/project/bundles/main/net.sf.jame.core.swing/src/net/sf/jame/core/swing/editor/ReferenceElementEditorRuntime.java:55: error: reference not found
	 * @see net.sf.jame.twister.swing.editor.extension.EditorExtensionRuntime#createEditor(net.sf.jame.core.tree.NodeEditor)
	        ^
/Users/andrea/Documents/projects/JAME/project/bundles/main/net.sf.jame.core.swing/src/net/sf/jame/core/swing/editor/ReferenceElementListEditorRuntime.java:54: error: reference not found
	 * @see net.sf.jame.twister.swing.editor.extension.EditorExtensionRuntime#createEditor(net.sf.jame.core.tree.NodeEditor)
	        ^
/Users/andrea/Documents/projects/JAME/project/bundles/main/net.sf.jame.core.swing/src/net/sf/jame/core/swing/osgi/Activator.java:40: error: reference not found
	 * @see org.osgi.framework.BundleActivator#start(org.osgi.framework.BundleContext)
	        ^
/Users/andrea/Documents/projects/JAME/project/bundles/main/net.sf.jame.core.swing/src/net/sf/jame/core/swing/osgi/Activator.java:47: error: reference not found
	 * @see org.osgi.framework.BundleActivator#stop(org.osgi.framework.BundleContext)
	        ^
/Users/andrea/Documents/projects/JAME/project/bundles/main/net.sf.jame.core.swing/src/net/sf/jame/core/swing/util/ExtendedGUIWorker.java:37: error: reference not found
	 * @see it.trend.lit.studio.workbench.ProgressListener#failed(java.lang.Exception)
	        ^
/Users/andrea/Documents/projects/JAME/project/bundles/main/net.sf.jame.core.swing/src/net/sf/jame/core/swing/util/ExtendedGUIWorker.java:46: error: reference not found
	 * @see it.trend.lit.studio.workbench.ProgressListener#stateChanged(java.lang.String, float)
	        ^
/Users/andrea/Documents/projects/JAME/project/bundles/main/net.sf.jame.core.swing/src/net/sf/jame/core/swing/util/ExtendedGUIWorker.java:56: error: reference not found
	 * @see it.trend.lit.studio.workbench.ProgressListener#stateChanged(java.lang.String)
	        ^
/Users/andrea/Documents/projects/JAME/project/bundles/main/net.sf.jame.core.swing/src/net/sf/jame/core/swing/util/WorkerProgressDialog.java:132: error: reference not found
	 * @see it.trend.lit.studio.workbench.ProgressListener#done()
	        ^
/Users/andrea/Documents/projects/JAME/project/bundles/main/net.sf.jame.core.swing/src/net/sf/jame/core/swing/util/WorkerProgressDialog.java:145: error: reference not found
	 * @see it.trend.lit.studio.workbench.ProgressListener#failed(java.lang.Exception)
	        ^
/Users/andrea/Documents/projects/JAME/project/bundles/main/net.sf.jame.core.swing/src/net/sf/jame/core/swing/util/WorkerProgressDialog.java:158: error: reference not found
	 * @see it.trend.lit.studio.workbench.ProgressListener#stateChanged(java.lang.String, float)
	        ^
/Users/andrea/Documents/projects/JAME/project/bundles/main/net.sf.jame.core.swing/src/net/sf/jame/core/swing/util/WorkerProgressDialog.java:170: error: reference not found
	 * @see it.trend.lit.studio.workbench.ProgressListener#stateChanged(java.lang.String)
	        ^
/Users/andrea/Documents/projects/JAME/project/bundles/main/net.sf.jame.media.swing/src/net/sf/jame/media/swing/MovieApplet.java:111: error: reference not found
	 * @see net.sf.jame.media.MovieContext#createMovie()
	        ^
/Users/andrea/Documents/projects/JAME/project/bundles/main/net.sf.jame.runtime/src/net/sf/jame/runtime/Activator.java:42: error: reference not found
	 * @see org.osgi.framework.BundleActivator#start(org.osgi.framework.BundleContext)
	        ^
/Users/andrea/Documents/projects/JAME/project/bundles/main/net.sf.jame.runtime/src/net/sf/jame/runtime/Activator.java:50: error: reference not found
	 * @see org.osgi.framework.BundleActivator#stop(org.osgi.framework.BundleContext)
	        ^
/Users/andrea/Documents/projects/JAME/project/bundles/main/net.sf.jame.runtime.swing/src/net/sf/jame/runtime/swing/JAME.java:53: error: reference not found
	 * @see org.eclipse.equinox.app.IApplication#start(org.eclipse.equinox.app.IApplicationContext)
	        ^
/Users/andrea/Documents/projects/JAME/project/bundles/main/net.sf.jame.runtime.swing/src/net/sf/jame/runtime/swing/JAME.java:82: error: reference not found
	 * @see org.eclipse.equinox.app.IApplication#stop()
	        ^
/Users/andrea/Documents/projects/JAME/project/bundles/main/net.sf.jame.service/src/net/sf/jame/service/LibraryService.java:1131: error: @param name not found
	 * @param job
	          ^
/Users/andrea/Documents/projects/JAME/project/bundles/main/net.sf.jame.service/src/net/sf/jame/service/LibraryService.java:1158: error: @param name not found
	 * @param job
	          ^
/Users/andrea/Documents/projects/JAME/project/bundles/main/net.sf.jame.service/src/net/sf/jame/service/LibraryService.java:1231: error: @param name not found
	 * @param job
	          ^
/Users/andrea/Documents/projects/JAME/project/bundles/main/net.sf.jame.service/src/net/sf/jame/service/LibraryService.java:1238: error: @param name not found
	 * @param job
	          ^
/Users/andrea/Documents/projects/JAME/project/bundles/main/net.sf.jame.service/src/net/sf/jame/service/LibraryService.java:1245: error: @param name not found
	 * @param job
	          ^
/Users/andrea/Documents/projects/JAME/project/bundles/main/net.sf.jame.service/src/net/sf/jame/service/RenderService.java:110: error: @param name not found
	 * @param jobService
	          ^
/Users/andrea/Documents/projects/JAME/project/bundles/main/net.sf.jame.service/src/net/sf/jame/service/RenderService.java:178: error: @param name not found
	 * @param task
	          ^
/Users/andrea/Documents/projects/JAME/project/bundles/main/net.sf.jame.service/src/net/sf/jame/service/RenderService.java:87: error: @param name not found
	 * @param jobService
	          ^
/Users/andrea/Documents/projects/JAME/project/bundles/main/net.sf.jame.service/src/net/sf/jame/service/Session.java:88: error: exception not thrown: java.sql.SQLException
	 * @throws SQLException
	           ^
/Users/andrea/Documents/projects/JAME/project/bundles/main/net.sf.jame.service/src/net/sf/jame/service/Session.java:108: error: exception not thrown: net.sf.jame.service.DataTableException
	 * @throws DataTableException
	           ^
/Users/andrea/Documents/projects/JAME/project/bundles/main/net.sf.jame.service/src/net/sf/jame/service/clip/RenderClipService.java:182: error: exception not thrown: net.sf.jame.service.SessionException
	 * @throws SessionException
	           ^
/Users/andrea/Documents/projects/JAME/project/bundles/main/net.sf.jame.service/src/net/sf/jame/service/clip/RenderClipService.java:183: error: exception not thrown: net.sf.jame.service.DataTableException
	 * @throws DataTableException
	           ^
/Users/andrea/Documents/projects/JAME/project/bundles/main/net.sf.jame.service/src/net/sf/jame/service/extensions/LocalSpoolRuntime.java:40: error: reference not found
	 * @see net.sf.jame.service.spool.extension.SpoolExtensionRuntime#getJobService(net.sf.jame.service.LibraryService)
	        ^
/Users/andrea/Documents/projects/JAME/project/bundles/main/net.sf.jame.service/src/net/sf/jame/service/job/RenderJob.java:198: error: @param name not found
	 * @param name the name to set
	          ^
/Users/andrea/Documents/projects/JAME/project/bundles/main/net.sf.jame.service/src/net/sf/jame/service/job/RenderJobDataTable.java:179: error: @param name not found
	 * @param clip
	          ^
/Users/andrea/Documents/projects/JAME/project/bundles/main/net.sf.jame.service/src/net/sf/jame/service/spool/DistributedJobInterface.java:57: error: @param name not found
	 * @param job
	          ^
/Users/andrea/Documents/projects/JAME/project/bundles/main/net.sf.jame.service/src/net/sf/jame/service/spool/DistributedSpoolJobInterface.java:41: error: @param name not found
	 * @param jobId
	          ^
/Users/andrea/Documents/projects/JAME/project/bundles/main/net.sf.jame.service/src/net/sf/jame/service/spool/job/DistributedSpoolJob.java:91: error: reference not found
	 * @see net.sf.jame.service.spool.SpoolJobInterface#setFrameNumber(int)
	        ^
/Users/andrea/Documents/projects/JAME/project/bundles/main/net.sf.jame.service.encoders/src/net/sf/jame/service/encoder/extensions/AVIEncoderRuntime.java:33: error: reference not found
	 * @see net.sf.jame.service.extensions.encoder.JAIEncoderRuntime#getFormatName()
	        ^
/Users/andrea/Documents/projects/JAME/project/bundles/main/net.sf.jame.service.encoders/src/net/sf/jame/service/encoder/extensions/BMPEncoderRuntime.java:34: error: reference not found
	 * @see net.sf.jame.service.extensions.encoder.FreeImageEncoderRuntime#getFormat()
	        ^
/Users/andrea/Documents/projects/JAME/project/bundles/main/net.sf.jame.service.encoders/src/net/sf/jame/service/encoder/extensions/JK2EncoderRuntime.java:34: error: reference not found
	 * @see net.sf.jame.service.extensions.encoder.FreeImageEncoderRuntime#getFormat()
	        ^
/Users/andrea/Documents/projects/JAME/project/bundles/main/net.sf.jame.service.encoders/src/net/sf/jame/service/encoder/extensions/JPEGEncoderRuntime.java:34: error: reference not found
	 * @see net.sf.jame.service.extensions.encoder.FreeImageEncoderRuntime#getFormat()
	        ^
/Users/andrea/Documents/projects/JAME/project/bundles/main/net.sf.jame.service.encoders/src/net/sf/jame/service/encoder/extensions/MOVEncoderRuntime.java:33: error: reference not found
	 * @see net.sf.jame.service.extensions.encoder.JAIEncoderRuntime#getFormatName()
	        ^
/Users/andrea/Documents/projects/JAME/project/bundles/main/net.sf.jame.service.encoders/src/net/sf/jame/service/encoder/extensions/MPEG4EncoderRuntime.java:33: error: reference not found
	 * @see net.sf.jame.service.extensions.encoder.JAIEncoderRuntime#getFormatName()
	        ^
/Users/andrea/Documents/projects/JAME/project/bundles/main/net.sf.jame.service.encoders/src/net/sf/jame/service/encoder/extensions/MPEGEncoderRuntime.java:33: error: reference not found
	 * @see net.sf.jame.service.extensions.encoder.JAIEncoderRuntime#getFormatName()
	        ^
